Building sources/libffi-3.3 ...
Building sources/libffi-3.3 ...
Created package for libffi
Building sources/glib2.0-2.66.8 ...
Created package for glib2.0
Building sources/openssl-1.1.1n ...
Created package for openssl
Building sources/expat-2.2.10 ...
Building sources/python3.9-3.9.2 ...
Building sources/python3.9-3.9.2 ...
Building sources/python3.9-3.9.2 ...
Building sources/python3.9-3.9.2 ...
Building sources/expat-2.2.10 ...
Created package for expat
Building sources/python3.9-3.9.2 ...
Building sources/python3.9-3.9.2 ...
Created package for python3.9
Building sources/libxml2-2.9.10+dfsg ...
Building sources/libxml2-2.9.10+dfsg ...
Building sources/libxml2-2.9.10+dfsg ...
Building sources/libxml2-2.9.10+dfsg ...
Created package for libxml2
Building sources/libarchive-3.4.3 ...
Building sources/libarchive-3.4.3 ...
Building sources/libarchive-3.4.3 ...
Building sources/libarchive-3.4.3 ...
Created package for libarchive
Building sources/android-lf ...
Created package for android-lf
Building sources/icu-67.1 ...
Building sources/icu-67.1 ...
Created package for icu
Building sources/boost1.74-1.74.0 ...
Created package for boost1.74
Building sources/taglib-1.11.1+dfsg.1 ...
Created package for taglib
Building sources/pcre3-8.39 ...
Building sources/pcre3-8.39 ...
Created package for pcre3
Building sources/libmd-1.0.3 ...
Created package for libmd
Building sources/libbsd-0.11.3 ...
Created package for libbsd
Building android-videolibs-9.0 ...
Building sources/android-videolibs-9.0 ...
Created package for android-videolibs
